============<<<Semantic Error:test>>>============
test.cs(67,57): error CS1736: Default parameter value for 'enumer' must be a compile-time constant
test.cs(124,23): error CS0161: 'CUsingHelper.ReadZip(byte[])': not all code paths return a value
test.cs(50,16): error CS0128: A local variable or function named 'aa' is already defined in this scope
test.cs(54,14): error CS0128: A local variable or function named 'r' is already defined in this scope
test.cs(54,18): error CS0019: Operator '==' cannot be applied to operands of type 'Dictionary<string, Component>' and 'string'
test.cs(55,13): error CS0029: Cannot implicitly convert type 'bool' to 'UnityEngine.GameObject'
test.cs(58,13): error CS0029: Cannot implicitly convert type 'bool' to 'UnityEngine.GameObject'
